2025-12-24 11:31:51,102 INFO o.a.j.u.JMeterUtils: Setting Locale to en_EN
2025-12-24 11:31:51,117 INFO o.a.j.JMeter: Loading user properties from: /opt/homebrew/Cellar/jmeter/5.6.3/libexec/bin/user.properties
2025-12-24 11:31:51,117 INFO o.a.j.JMeter: Loading system properties from: /opt/homebrew/Cellar/jmeter/5.6.3/libexec/bin/system.properties
2025-12-24 11:31:51,120 INFO o.a.j.JMeter: Copyright (c) 1998-2024 The Apache Software Foundation
2025-12-24 11:31:51,120 INFO o.a.j.JMeter: Version 5.6.3
2025-12-24 11:31:51,120 INFO o.a.j.JMeter: java.version=21.0.9
2025-12-24 11:31:51,120 INFO o.a.j.JMeter: java.vm.name=OpenJDK 64-Bit Server VM
2025-12-24 11:31:51,120 INFO o.a.j.JMeter: os.name=Mac OS X
2025-12-24 11:31:51,120 INFO o.a.j.JMeter: os.arch=aarch64
2025-12-24 11:31:51,120 INFO o.a.j.JMeter: os.version=26.2
2025-12-24 11:31:51,120 INFO o.a.j.JMeter: file.encoding=UTF-8
2025-12-24 11:31:51,121 INFO o.a.j.JMeter: java.awt.headless=true
2025-12-24 11:31:51,121 INFO o.a.j.JMeter: Max memory     =1073741824
2025-12-24 11:31:51,121 INFO o.a.j.JMeter: Available Processors =8
2025-12-24 11:31:51,126 INFO o.a.j.JMeter: Default Locale=English (EN)
2025-12-24 11:31:51,126 INFO o.a.j.JMeter: JMeter  Locale=English (EN)
2025-12-24 11:31:51,126 INFO o.a.j.JMeter: JMeterHome=/opt/homebrew/Cellar/jmeter/5.6.3/libexec
2025-12-24 11:31:51,126 INFO o.a.j.JMeter: user.dir  =/Users/bvbvbvbvbudw/Documents/projects/java/autimation
2025-12-24 11:31:51,127 INFO o.a.j.JMeter: PWD       =/Users/bvbvbvbvbudw/Documents/projects/java/autimation
2025-12-24 11:31:51,137 INFO o.a.j.JMeter: IP: 192.168.1.76 Name: macbookpro.home FullName: macbookpro.home
2025-12-24 11:31:51,145 INFO o.a.j.JMeter: Setting property 'jmeter.reportgenerator.outputdir' to:'/Users/bvbvbvbvbudw/Documents/projects/java/autimation/./my_report'
2025-12-24 11:31:51,147 INFO o.a.j.r.d.ReportGenerator: ReportGenerator will use for Parsing the separator: ','
2025-12-24 11:31:51,147 INFO o.a.j.r.d.ReportGenerator: Will only generate report from results file: results.jtl
2025-12-24 11:31:51,147 INFO o.a.j.r.d.ReportGenerator: Reading report generator properties from: /opt/homebrew/Cellar/jmeter/5.6.3/libexec/bin/reportgenerator.properties
2025-12-24 11:31:51,148 INFO o.a.j.r.d.ReportGenerator: Merging with JMeter properties
2025-12-24 11:31:51,150 INFO o.a.j.r.c.ReportGeneratorConfiguration: Property 'jmeter.reportgenerator.temp_dir' not found, using default value 'temp' instead.
2025-12-24 11:31:51,151 INFO o.a.j.r.c.ReportGeneratorConfiguration: Property 'jmeter.reportgenerator.apdex_per_transaction' not found, using default value 'null' instead.
2025-12-24 11:31:51,159 INFO o.a.j.r.c.ReportGeneratorConfiguration: apdex_per_transaction is empty, not APDEX per transaction customization
2025-12-24 11:31:51,159 INFO o.a.j.r.c.ReportGeneratorConfiguration: Property 'jmeter.reportgenerator.sample_filter' not found, using default value 'null' instead.
2025-12-24 11:31:51,159 INFO o.a.j.r.c.ReportGeneratorConfiguration: Property 'jmeter.reportgenerator.report_title' not found, using default value 'null' instead.
2025-12-24 11:31:51,159 INFO o.a.j.r.c.ReportGeneratorConfiguration: Property 'jmeter.reportgenerator.start_date' not found, using default value 'null' instead.
2025-12-24 11:31:51,159 INFO o.a.j.r.c.ReportGeneratorConfiguration: Property 'jmeter.reportgenerator.end_date' not found, using default value 'null' instead.
2025-12-24 11:31:51,159 INFO o.a.j.r.c.ReportGeneratorConfiguration: Property 'jmeter.reportgenerator.date_format' not found, using default value 'null' instead.
2025-12-24 11:31:51,159 INFO o.a.j.r.c.ReportGeneratorConfiguration: Will use date range start date: null, end date: null
2025-12-24 11:31:51,161 INFO o.a.j.r.c.ReportGeneratorConfiguration: Property 'jmeter.reportgenerator.graph.totalTPS.exclude_controllers' not found, using default value 'false' instead.
2025-12-24 11:31:51,161 INFO o.a.j.r.c.ReportGeneratorConfiguration: Property 'jmeter.reportgenerator.graph.activeThreadsOverTime.exclude_controllers' not found, using default value 'false' instead.
2025-12-24 11:31:51,161 INFO o.a.j.r.c.ReportGeneratorConfiguration: Property 'jmeter.reportgenerator.graph.timeVsThreads.exclude_controllers' not found, using default value 'false' instead.
2025-12-24 11:31:51,161 INFO o.a.j.r.c.ReportGeneratorConfiguration: Property 'jmeter.reportgenerator.graph.responseTimeDistribution.exclude_controllers' not found, using default value 'false' instead.
2025-12-24 11:31:51,161 INFO o.a.j.r.c.ReportGeneratorConfiguration: Property 'jmeter.reportgenerator.graph.transactionsPerSecond.exclude_controllers' not found, using default value 'false' instead.
2025-12-24 11:31:51,161 INFO o.a.j.r.c.ReportGeneratorConfiguration: Property 'jmeter.reportgenerator.graph.responseTimePercentiles.exclude_controllers' not found, using default value 'false' instead.
2025-12-24 11:31:51,161 INFO o.a.j.r.c.ReportGeneratorConfiguration: Property 'jmeter.reportgenerator.graph.responseTimePercentilesOverTime.exclude_controllers' not found, using default value 'false' instead.
2025-12-24 11:31:51,161 INFO o.a.j.r.c.ReportGeneratorConfiguration: Property 'jmeter.reportgenerator.graph.responseTimesOverTime.exclude_controllers' not found, using default value 'false' instead.
2025-12-24 11:31:51,161 INFO o.a.j.r.c.ReportGeneratorConfiguration: Property 'jmeter.reportgenerator.graph.connectTimeOverTime.exclude_controllers' not found, using default value 'false' instead.
2025-12-24 11:31:51,162 INFO o.a.j.r.c.ReportGeneratorConfiguration: Property 'jmeter.reportgenerator.graph.latenciesOverTime.exclude_controllers' not found, using default value 'false' instead.
2025-12-24 11:31:51,162 INFO o.a.j.r.c.ReportGeneratorConfiguration: Property 'jmeter.reportgenerator.exporter.json.filters_only_sample_series' not found, using default value 'true' instead.
2025-12-24 11:31:51,162 INFO o.a.j.r.c.ReportGeneratorConfiguration: Property 'jmeter.reportgenerator.exporter.json.series_filter' not found, using default value '' instead.
2025-12-24 11:31:51,162 INFO o.a.j.r.c.ReportGeneratorConfiguration: Property 'jmeter.reportgenerator.exporter.json.show_controllers_only' not found, using default value 'false' instead.
2025-12-24 11:31:51,162 INFO o.a.j.r.c.ReportGeneratorConfiguration: Property 'jmeter.reportgenerator.exporter.html.filters_only_sample_series' not found, using default value 'true' instead.
2025-12-24 11:31:51,162 INFO o.a.j.r.c.ReportGeneratorConfiguration: Property 'jmeter.reportgenerator.exporter.html.series_filter' not found, using default value '' instead.
2025-12-24 11:31:51,162 INFO o.a.j.r.c.ReportGeneratorConfiguration: Property 'jmeter.reportgenerator.exporter.html.show_controllers_only' not found, using default value 'false' instead.
2025-12-24 11:31:51,254 INFO o.a.j.s.SaveService: Testplan (JMX) version: 2.2. Testlog (JTL) version: 2.2
2025-12-24 11:31:51,278 INFO o.a.j.s.SaveService: Using SaveService properties version 5.0
2025-12-24 11:31:51,279 INFO o.a.j.s.SaveService: Using SaveService properties file encoding UTF-8
2025-12-24 11:31:51,293 INFO o.a.j.r.p.NormalizerSampleConsumer: Using format, 'ms', to parse timeStamp field
2025-12-24 11:31:51,423 INFO o.a.j.r.p.AbstractSampleConsumer: class org.apache.jmeter.report.processor.AggregateConsumer#stopProducing(): beginDate produced 0 samples
2025-12-24 11:31:51,423 INFO o.a.j.r.p.AbstractSampleConsumer: class org.apache.jmeter.report.processor.AggregateConsumer#stopProducing(): endDate produced 0 samples
2025-12-24 11:31:51,424 INFO o.a.j.r.p.AbstractSampleConsumer: class org.apache.jmeter.report.processor.ApdexSummaryConsumer#stopProducing(): apdexSummary produced 0 samples
2025-12-24 11:31:51,424 INFO o.a.j.r.p.AbstractSampleConsumer: class org.apache.jmeter.report.processor.RequestsSummaryConsumer#stopProducing(): requestsSummary produced 0 samples
2025-12-24 11:31:51,428 INFO o.a.j.r.p.AbstractSampleConsumer: class org.apache.jmeter.report.processor.StatisticsSummaryConsumer#stopProducing(): statisticsSummary produced 0 samples
2025-12-24 11:31:51,429 INFO o.a.j.r.p.AbstractSampleConsumer: class org.apache.jmeter.report.processor.Top5ErrorsBySamplerConsumer#stopProducing(): top5ErrorsBySampler produced 0 samples
2025-12-24 11:31:51,429 INFO o.a.j.r.p.AbstractSampleConsumer: class org.apache.jmeter.report.processor.ErrorsSummaryConsumer#stopProducing(): errorsSummary produced 0 samples
2025-12-24 11:31:51,429 INFO o.a.j.r.p.AbstractSampleConsumer: class org.apache.jmeter.report.processor.graph.impl.HitsPerSecondGraphConsumer#stopProducing(): hitsPerSecond produced 0 samples
2025-12-24 11:31:51,472 INFO o.a.j.r.p.AbstractSampleConsumer: class org.apache.jmeter.report.processor.graph.impl.LatencyVSRequestGraphConsumer#stopProducing(): latencyVsRequest produced 0 samples
2025-12-24 11:31:51,472 INFO o.a.j.r.p.AbstractSampleConsumer: class org.apache.jmeter.report.processor.graph.impl.SyntheticResponseTimeDistributionGraphConsumer#stopProducing(): syntheticResponseTimeDistribution produced 0 samples
2025-12-24 11:31:51,472 INFO o.a.j.r.p.AbstractSampleConsumer: class org.apache.jmeter.report.processor.graph.impl.BytesThroughputGraphConsumer#stopProducing(): bytesThroughputOverTime produced 0 samples
2025-12-24 11:31:51,472 INFO o.a.j.r.p.AbstractSampleConsumer: class org.apache.jmeter.report.processor.graph.impl.CodesPerSecondGraphConsumer#stopProducing(): codesPerSecond produced 0 samples
2025-12-24 11:31:51,503 INFO o.a.j.r.p.AbstractSampleConsumer: class org.apache.jmeter.report.processor.graph.impl.ResponseTimeVSRequestGraphConsumer#stopProducing(): responseTimeVsRequest produced 0 samples
2025-12-24 11:31:51,504 INFO o.a.j.r.p.AbstractSampleConsumer: class org.apache.jmeter.report.processor.FilterConsumer#stopProducing(): startIntervalControlerFilter produced 33208 samples
2025-12-24 11:31:51,504 INFO o.a.j.r.p.AbstractSampleConsumer: class org.apache.jmeter.report.processor.graph.impl.TotalTPSGraphConsumer#stopProducing(): totalTPS produced 0 samples
2025-12-24 11:31:51,504 INFO o.a.j.r.p.AbstractSampleConsumer: class org.apache.jmeter.report.processor.graph.impl.ActiveThreadsGraphConsumer#stopProducing(): activeThreadsOverTime produced 0 samples
2025-12-24 11:31:51,504 INFO o.a.j.r.p.AbstractSampleConsumer: class org.apache.jmeter.report.processor.graph.impl.TimeVSThreadGraphConsumer#stopProducing(): timeVsThreads produced 0 samples
2025-12-24 11:31:51,504 INFO o.a.j.r.p.AbstractSampleConsumer: class org.apache.jmeter.report.processor.graph.impl.ResponseTimeDistributionGraphConsumer#stopProducing(): responseTimeDistribution produced 0 samples
2025-12-24 11:31:51,504 INFO o.a.j.r.p.AbstractSampleConsumer: class org.apache.jmeter.report.processor.graph.impl.TransactionsPerSecondGraphConsumer#stopProducing(): transactionsPerSecond produced 0 samples
2025-12-24 11:31:51,504 INFO o.a.j.r.p.AbstractSampleConsumer: class org.apache.jmeter.report.processor.graph.impl.ResponseTimePercentilesGraphConsumer#stopProducing(): responseTimePercentiles produced 0 samples
2025-12-24 11:31:51,505 INFO o.a.j.r.p.AbstractSampleConsumer: class org.apache.jmeter.report.processor.graph.impl.ResponseTimePercentilesOverTimeGraphConsumer#stopProducing(): responseTimePercentilesOverTime produced 0 samples
2025-12-24 11:31:51,506 INFO o.a.j.r.p.AbstractSampleConsumer: class org.apache.jmeter.report.processor.graph.impl.ResponseTimeOverTimeGraphConsumer#stopProducing(): responseTimesOverTime produced 0 samples
2025-12-24 11:31:51,506 INFO o.a.j.r.p.AbstractSampleConsumer: class org.apache.jmeter.report.processor.graph.impl.ConnectTimeOverTimeGraphConsumer#stopProducing(): connectTimeOverTime produced 0 samples
2025-12-24 11:31:51,506 INFO o.a.j.r.p.AbstractSampleConsumer: class org.apache.jmeter.report.processor.graph.impl.LatencyOverTimeGraphConsumer#stopProducing(): latenciesOverTime produced 0 samples
2025-12-24 11:31:51,506 INFO o.a.j.r.p.AbstractSampleConsumer: class org.apache.jmeter.report.processor.FilterConsumer#stopProducing(): nameFilter produced 71160 samples
2025-12-24 11:31:51,506 INFO o.a.j.r.p.AbstractSampleConsumer: class org.apache.jmeter.report.processor.FilterConsumer#stopProducing(): dateRangeFilter produced 14232 samples
2025-12-24 11:31:51,506 INFO o.a.j.r.p.AbstractSampleConsumer: class org.apache.jmeter.report.processor.NormalizerSampleConsumer#stopProducing(): normalizer produced 4744 samples
2025-12-24 11:31:51,507 INFO o.a.j.r.p.CsvFileSampleSource: produce(): 4744 samples produced in 204ms on channel 0
2025-12-24 11:31:51,507 INFO o.a.j.r.d.ReportGenerator: Exporting data using exporter:'json' of className:'org.apache.jmeter.report.dashboard.JsonExporter'
2025-12-24 11:31:51,542 INFO o.a.j.r.d.JsonExporter: Found data for consumer statisticsSummary in context
2025-12-24 11:31:51,542 INFO o.a.j.r.d.JsonExporter: Creating statistics for overall
2025-12-24 11:31:51,542 INFO o.a.j.r.d.JsonExporter: Creating statistics for other transactions
2025-12-24 11:31:51,542 INFO o.a.j.r.d.JsonExporter: Checking output folder
2025-12-24 11:31:51,543 INFO o.a.j.r.d.JsonExporter: Writing statistics JSON to /Users/bvbvbvbvbudw/Documents/projects/java/autimation/./my_report/statistics.json
2025-12-24 11:31:51,564 INFO o.a.j.r.d.ReportGenerator: Exporting data using exporter:'html' of className:'org.apache.jmeter.report.dashboard.HtmlTemplateExporter'
2025-12-24 11:31:51,566 INFO o.a.j.r.d.HtmlTemplateExporter: Will generate dashboard in folder: /Users/bvbvbvbvbudw/Documents/projects/java/autimation/./my_report
2025-12-24 11:31:51,626 INFO o.a.j.r.d.HtmlTemplateExporter: Report will be generated in: /Users/bvbvbvbvbudw/Documents/projects/java/autimation/./my_report, creating folder structure
2025-12-24 11:31:51,627 INFO o.a.j.r.d.TemplateVisitor: Copying folder from '/opt/homebrew/Cellar/jmeter/5.6.3/libexec/bin/report-template' to '/Users/bvbvbvbvbudw/Documents/projects/java/autimation/./my_report', got message: /Users/bvbvbvbvbudw/Documents/projects/java/autimation/./my_report, found non empty folder with following content [/Users/bvbvbvbvbudw/Documents/projects/java/autimation/./my_report/statistics.json], will be ignored
